0 info it worked if it ends with ok
1 verbose cli [ '/home/yeehaa/.nvm/versions/io.js/v1.8.1/bin/iojs',
1 verbose cli   '/home/yeehaa/.nvm/versions/io.js/v1.8.1/bin/npm',
1 verbose cli   'run',
1 verbose cli   'babel-node',
1 verbose cli   './server.js' ]
2 info using npm@2.8.3
3 info using node@v1.8.1
4 verbose run-script [ 'prebabel-node', 'babel-node', 'postbabel-node' ]
5 info prebabel-node rethink@1.0.0
6 info babel-node rethink@1.0.0
7 verbose unsafe-perm in lifecycle true
8 info rethink@1.0.0 Failed to exec babel-node script
9 verbose stack Error: rethink@1.0.0 babel-node: `babel-node --stage 0 --ignore='foo|bar|baz' "./server.js"`
9 verbose stack Exit status 1
9 verbose stack     at EventEmitter.<anonymous> (/home/yeehaa/.nvm/versions/io.js/v1.8.1/lib/node_modules/npm/lib/utils/lifecycle.js:213:16)
9 verbose stack     at emitTwo (events.js:87:13)
9 verbose stack     at EventEmitter.emit (events.js:169:7)
9 verbose stack     at ChildProcess.<anonymous> (/home/yeehaa/.nvm/versions/io.js/v1.8.1/lib/node_modules/npm/lib/utils/spawn.js:24:14)
9 verbose stack     at emitTwo (events.js:87:13)
9 verbose stack     at ChildProcess.emit (events.js:169:7)
9 verbose stack     at maybeClose (child_process.js:953:16)
9 verbose stack     at Process.ChildProcess._handle.onexit (child_process.js:1020:5)
10 verbose pkgid rethink@1.0.0
11 verbose cwd /home/yeehaa/Documents/rethink
12 error Linux 3.16.0-36-generic
13 error argv "/home/yeehaa/.nvm/versions/io.js/v1.8.1/bin/iojs" "/home/yeehaa/.nvm/versions/io.js/v1.8.1/bin/npm" "run" "babel-node" "./server.js"
14 error node v1.8.1
15 error npm  v2.8.3
16 error code ELIFECYCLE
17 error rethink@1.0.0 babel-node: `babel-node --stage 0 --ignore='foo|bar|baz' "./server.js"`
17 error Exit status 1
18 error Failed at the rethink@1.0.0 babel-node script 'babel-node --stage 0 --ignore='foo|bar|baz' "./server.js"'.
18 error This is most likely a problem with the rethink package,
18 error not with npm itself.
18 error Tell the author that this fails on your system:
18 error     babel-node --stage 0 --ignore='foo|bar|baz' "./server.js"
18 error You can get their info via:
18 error     npm owner ls rethink
18 error There is likely additional logging output above.
19 verbose exit [ 1, true ]
